<?xml version="1.0" encoding="UTF-8"?>
<testng-results ignored="0" total="1" passed="1" failed="0" skipped="0">
  <reporter-output>
    <line>
      <![CDATA[Browser open sucessfully]]>
    </line>
  </reporter-output>
  <suite started-at="2023-01-19T18:12:18 IST" name="Default suite" finished-at="2023-01-19T18:12:54 IST" duration-ms="36537">
    <groups>
    </groups>
    <test started-at="2023-01-19T18:12:18 IST" name="Default test" finished-at="2023-01-19T18:12:54 IST" duration-ms="36537">
      <class name="TestClasses.LoginAssignTestClass">
        <test-method is-config="true" signature="OpenBrowser()[pri:0, instance:TestClasses.LoginAssignTestClass@bae7dc0]" started-at="2023-01-19T18:12:18 IST" name="OpenBrowser" finished-at="2023-01-19T18:12:44 IST" duration-ms="26498" status="PASS">
          <reporter-output>
            <line>
              <![CDATA[Browser open sucessfully]]>
            </line>
          </reporter-output>
        </test-method> <!-- OpenBrowser -->
        <test-method is-config="true" signature="Login()[pri:0, instance:TestClasses.LoginAssignTestClass@bae7dc0]" started-at="2023-01-19T18:12:44 IST" name="Login" finished-at="2023-01-19T18:12:54 IST" duration-ms="9732" status="PASS">
          <reporter-output>
          </reporter-output>
        </test-method> <!-- Login -->
        <test-method signature="validateAmounttab()[pri:0, instance:TestClasses.LoginAssignTestClass@bae7dc0]" started-at="2023-01-19T18:12:54 IST" name="validateAmounttab" finished-at="2023-01-19T18:12:54 IST" duration-ms="213" status="PASS">
          <reporter-output>
          </reporter-output>
        </test-method> <!-- validateAmounttab -->
      </class> <!-- TestClasses.LoginAssignTestClass -->
    </test> <!-- Default test -->
  </suite> <!-- Default suite -->
</testng-results>
